<?xml version="1.0" encoding="UTF-8"?>
<!-- Generated by org.testng.reporters.JUnitReportReporter -->
<testsuite hostname="DESKTOP-4QIRT8H" failures="0" tests="2" name="qaclickacademy.RestAPITest" time="0.000" errors="0" timestamp="19 May 2019 09:09:21 GMT" skipped="0">
  <testcase classname="qaclickacademy.RestAPITest" name="DeleteTwitter" time="0.000"/>
  <testcase classname="qaclickacademy.RestAPITest" name="PostJira" time="0.000"/>
</testsuite> <!-- qaclickacademy.RestAPITest -->
