<?xml version="1.0" encoding="UTF-8"?>
<!-- Generated by org.testng.reporters.JUnitReportReporter -->
<testsuite hostname="DESKTOP-4QIRT8H" failures="0" tests="2" name="qaclickacademy.SeleniumTest" time="0.011" errors="0" timestamp="19 May 2019 09:09:21 GMT" skipped="0">
  <testcase classname="qaclickacademy.SeleniumTest" name="BrowserAutomation" time="0.010"/>
  <testcase classname="qaclickacademy.SeleniumTest" name="ElementsUI" time="0.001"/>
</testsuite> <!-- qaclickacademy.SeleniumTest -->
