<?xml version="1.0" encoding="UTF-8"?>
<!-- Generated by org.testng.reporters.JUnitReportReporter -->
<testsuite hostname="DESKTOP-4QIRT8H" failures="0" tests="2" name="qaclickacademy.AppiumTest" time="0.005" errors="0" timestamp="17 May 2019 21:39:04 GMT" skipped="0">
  <testcase classname="qaclickacademy.AppiumTest" name="IOSApps" time="0.005"/>
  <testcase classname="qaclickacademy.AppiumTest" name="NativeAppAndroid" time="0.000"/>
</testsuite> <!-- qaclickacademy.AppiumTest -->
